<?xml version="1.0" encoding="UTF-8"?>
<!-- Generated by org.testng.reporters.JUnitReportReporter -->
<testsuite skipped="0" hostname="DESKTOP-CV78P72" name="com.qa.fw.test.LoginTest" tests="1" failures="0" timestamp="17 Dec 2019 16:13:23 GMT" time="16.638" errors="0">
  <testcase name="loginTest" time="16.638" classname="com.qa.fw.test.LoginTest"/>
</testsuite> <!-- com.qa.fw.test.LoginTest -->
