<?xml version="1.0" encoding="UTF-8"?>
<!-- Generated by org.testng.reporters.JUnitReportReporter -->
<testsuite skipped="0" hostname="DESKTOP-CV78P72" name="com.qa.fw.test.LoginTest" tests="1" failures="0" timestamp="2019-12-13T11:03:21 EST" time="18.107" errors="0">
  <testcase name="loginTest" time="18.107" classname="com.qa.fw.test.LoginTest"/>
</testsuite> <!-- com.qa.fw.test.LoginTest -->
